# JRE version: OpenJDK Runtime Environment (8.0_242-b01) (build 1.8.0_242-release-1644-b01)
# Java VM: OpenJDK 64-Bit Server VM (25.242-b01 mixed mode windows-amd64 compressed oops)
Heap:
 PSYoungGen      total 239104K, used 195346K [0x00000000d5580000, 0x00000000e6580000, 0x0000000100000000)
  eden space 214528K, 79% used [0x00000000d5580000,0x00000000dfc469d0,0x00000000e2700000)
  from space 24576K, 99% used [0x00000000e4300000,0x00000000e5afdf80,0x00000000e5b00000)
  to   space 28672K, 0% used [0x00000000e2700000,0x00000000e2700000,0x00000000e4300000)
 ParOldGen       total 237056K, used 42826K [0x0000000080000000, 0x000000008e780000, 0x00000000d5580000)
  object space 237056K, 18% used [0x0000000080000000,0x00000000829d2b10,0x000000008e780000)
 Metaspace       used 72639K, capacity 76244K, committed 76440K, reserved 1116160K
  class space    used 9868K, capacity 10580K, committed 10672K, reserved 1048576K
GC Heap History (10 events):
Event: 6.556 GC heap before
{Heap before GC invocations=11 (full 2):
 PSYoungGen      total 158720K, used 158607K [0x00000000d5580000, 0x00000000e0b00000, 0x0000000100000000)
  eden space 149504K, 100% used [0x00000000d5580000,0x00000000de780000,0x00000000de780000)
  from space 9216K, 98% used [0x00000000e0200000,0x00000000e0ae3de0,0x00000000e0b00000)
  to   space 11776K, 0% used [0x00000000df400000,0x00000000df400000,0x00000000dff80000)
 ParOldGen       total 151040K, used 14614K [0x0000000080000000, 0x0000000089380000, 0x00000000d5580000)
  object space 151040K, 9% used [0x0000000080000000,0x0000000080e458d0,0x0000000089380000)
 Metaspace       used 50717K, capacity 52658K, committed 52776K, reserved 1095680K
  class space    used 6764K, capacity 7213K, committed 7216K, reserved 1048576K
Event: 6.575 GC heap after
Heap after GC invocations=11 (full 2):
 PSYoungGen      total 174080K, used 11748K [0x00000000d5580000, 0x00000000e3280000, 0x0000000100000000)
  eden space 162304K, 0% used [0x00000000d5580000,0x00000000d5580000,0x00000000df400000)
  from space 11776K, 99% used [0x00000000df400000,0x00000000dff79300,0x00000000dff80000)
  to   space 17920K, 0% used [0x00000000e2100000,0x00000000e2100000,0x00000000e3280000)
 ParOldGen       total 151040K, used 27762K [0x0000000080000000, 0x0000000089380000, 0x00000000d5580000)
  object space 151040K, 18% used [0x0000000080000000,0x0000000081b1c9c0,0x0000000089380000)
 Metaspace       used 50717K, capacity 52658K, committed 52776K, reserved 1095680K
  class space    used 6764K, capacity 7213K, committed 7216K, reserved 1048576K
}
Event: 7.589 GC heap before
{Heap before GC invocations=12 (full 2):
 PSYoungGen      total 174080K, used 121240K [0x00000000d5580000, 0x00000000e3280000, 0x0000000100000000)
  eden space 162304K, 67% used [0x00000000d5580000,0x00000000dc06ce90,0x00000000df400000)
  from space 11776K, 99% used [0x00000000df400000,0x00000000dff79300,0x00000000dff80000)
  to   space 17920K, 0% used [0x00000000e2100000,0x00000000e2100000,0x00000000e3280000)
 ParOldGen       total 151040K, used 27762K [0x0000000080000000, 0x0000000089380000, 0x00000000d5580000)
  object space 151040K, 18% used [0x0000000080000000,0x0000000081b1c9c0,0x0000000089380000)
 Metaspace       used 56642K, capacity 58942K, committed 59160K, reserved 1099776K
  class space    used 7719K, capacity 8215K, committed 8240K, reserved 1048576K
Event: 7.611 GC heap after
Heap after GC invocations=12 (full 2):
 PSYoungGen      total 204288K, used 17908K [0x00000000d5580000, 0x00000000e4b80000, 0x0000000100000000)
  eden space 186368K, 0% used [0x00000000d5580000,0x00000000d5580000,0x00000000e0b80000)
  from space 17920K, 99% used [0x00000000e2100000,0x00000000e327d310,0x00000000e3280000)
  to   space 22016K, 0% used [0x00000000e0b80000,0x00000000e0b80000,0x00000000e2100000)
 ParOldGen       total 151040K, used 33716K [0x0000000080000000, 0x0000000089380000, 0x00000000d5580000)
  object space 151040K, 22% used [0x0000000080000000,0x00000000820ed108,0x0000000089380000)
 Metaspace       used 56642K, capacity 58942K, committed 59160K, reserved 1099776K
  class space    used 7719K, capacity 8215K, committed 8240K, reserved 1048576K
}
Event: 7.611 GC heap before
{Heap before GC invocations=13 (full 3):
 PSYoungGen      total 204288K, used 17908K [0x00000000d5580000, 0x00000000e4b80000, 0x0000000100000000)
  eden space 186368K, 0% used [0x00000000d5580000,0x00000000d5580000,0x00000000e0b80000)
  from space 17920K, 99% used [0x00000000e2100000,0x00000000e327d310,0x00000000e3280000)
  to   space 22016K, 0% used [0x00000000e0b80000,0x00000000e0b80000,0x00000000e2100000)
 ParOldGen       total 151040K, used 33716K [0x0000000080000000, 0x0000000089380000, 0x00000000d5580000)
  object space 151040K, 22% used [0x0000000080000000,0x00000000820ed108,0x0000000089380000)
 Metaspace       used 56642K, capacity 58942K, committed 59160K, reserved 1099776K
  class space    used 7719K, capacity 8215K, committed 8240K, reserved 1048576K
Event: 7.836 GC heap after
Heap after GC invocations=13 (full 3):
 PSYoungGen      total 204288K, used 0K [0x00000000d5580000, 0x00000000e4b80000, 0x0000000100000000)
  eden space 186368K, 0% used [0x00000000d5580000,0x00000000d5580000,0x00000000e0b80000)
  from space 17920K, 0% used [0x00000000e2100000,0x00000000e2100000,0x00000000e3280000)
  to   space 22016K, 0% used [0x00000000e0b80000,0x00000000e0b80000,0x00000000e2100000)
 ParOldGen       total 237056K, used 39797K [0x0000000080000000, 0x000000008e780000, 0x00000000d5580000)
  object space 237056K, 16% used [0x0000000080000000,0x00000000826dd498,0x000000008e780000)
 Metaspace       used 56598K, capacity 58792K, committed 59160K, reserved 1099776K
  class space    used 7706K, capacity 8190K, committed 8240K, reserved 1048576K
}
Event: 15.028 GC heap before
{Heap before GC invocations=14 (full 3):
 PSYoungGen      total 204288K, used 186368K [0x00000000d5580000, 0x00000000e4b80000, 0x0000000100000000)
  eden space 186368K, 100% used [0x00000000d5580000,0x00000000e0b80000,0x00000000e0b80000)
  from space 17920K, 0% used [0x00000000e2100000,0x00000000e2100000,0x00000000e3280000)
  to   space 22016K, 0% used [0x00000000e0b80000,0x00000000e0b80000,0x00000000e2100000)
 ParOldGen       total 237056K, used 39797K [0x0000000080000000, 0x000000008e780000, 0x00000000d5580000)
  object space 237056K, 16% used [0x0000000080000000,0x00000000826dd498,0x000000008e780000)
 Metaspace       used 67579K, capacity 70650K, committed 70936K, reserved 1110016K
  class space    used 9269K, capacity 9909K, committed 10032K, reserved 1048576K
Event: 15.045 GC heap after
Heap after GC invocations=14 (full 3):
 PSYoungGen      total 208384K, used 20595K [0x00000000d5580000, 0x00000000e5b00000, 0x0000000100000000)
  eden space 186368K, 0% used [0x00000000d5580000,0x00000000d5580000,0x00000000e0b80000)
  from space 22016K, 93% used [0x00000000e0b80000,0x00000000e1f9cd60,0x00000000e2100000)
  to   space 24576K, 0% used [0x00000000e4300000,0x00000000e4300000,0x00000000e5b00000)
 ParOldGen       total 237056K, used 39805K [0x0000000080000000, 0x000000008e780000, 0x00000000d5580000)
  object space 237056K, 16% used [0x0000000080000000,0x00000000826df498,0x000000008e780000)
 Metaspace       used 67579K, capacity 70650K, committed 70936K, reserved 1110016K
  class space    used 9269K, capacity 9909K, committed 10032K, reserved 1048576K
}
Event: 15.877 GC heap before
{Heap before GC invocations=15 (full 3):
 PSYoungGen      total 208384K, used 206963K [0x00000000d5580000, 0x00000000e5b00000, 0x0000000100000000)
  eden space 186368K, 100% used [0x00000000d5580000,0x00000000e0b80000,0x00000000e0b80000)
  from space 22016K, 93% used [0x00000000e0b80000,0x00000000e1f9cd60,0x00000000e2100000)
  to   space 24576K, 0% used [0x00000000e4300000,0x00000000e4300000,0x00000000e5b00000)
 ParOldGen       total 237056K, used 39805K [0x0000000080000000, 0x000000008e780000, 0x00000000d5580000)
  object space 237056K, 16% used [0x0000000080000000,0x00000000826df498,0x000000008e780000)
 Metaspace       used 68714K, capacity 72254K, committed 72600K, reserved 1112064K
  class space    used 9378K, capacity 10057K, committed 10160K, reserved 1048576K
Event: 15.894 GC heap after
Heap after GC invocations=15 (full 3):
 PSYoungGen      total 239104K, used 24567K [0x00000000d5580000, 0x00000000e6580000, 0x0000000100000000)
  eden space 214528K, 0% used [0x00000000d5580000,0x00000000d5580000,0x00000000e2700000)
  from space 24576K, 99% used [0x00000000e4300000,0x00000000e5afdf80,0x00000000e5b00000)
  to   space 28672K, 0% used [0x00000000e2700000,0x00000000e2700000,0x00000000e4300000)
 ParOldGen       total 237056K, used 42826K [0x0000000080000000, 0x000000008e780000, 0x00000000d5580000)
  object space 237056K, 18% used [0x0000000080000000,0x00000000829d2b10,0x000000008e780000)
 Metaspace       used 68714K, capacity 72254K, committed 72600K, reserved 1112064K
  class space    used 9378K, capacity 10057K, committed 10160K, reserved 1048576K
}

