# JRE version: OpenJDK Runtime Environment (8.0_242-b01) (build 1.8.0_242-release-1644-b01)
# Java VM: OpenJDK 64-Bit Server VM (25.242-b01 mixed mode windows-amd64 compressed oops)
Heap:
 PSYoungGen      total 404992K, used 109777K [0x00000000d5580000, 0x00000000f2780000, 0x0000000100000000)
  eden space 373248K, 20% used [0x00000000d5580000,0x00000000da1b5878,0x00000000ec200000)
  from space 31744K, 99% used [0x00000000eee80000,0x00000000f0d7ec98,0x00000000f0d80000)
  to   space 45568K, 0% used [0x00000000ec200000,0x00000000ec200000,0x00000000eee80000)
 ParOldGen       total 219136K, used 71066K [0x0000000080000000, 0x000000008d600000, 0x00000000d5580000)
  object space 219136K, 32% used [0x0000000080000000,0x0000000084566bf0,0x000000008d600000)
 Metaspace       used 73639K, capacity 77500K, committed 77720K, reserved 1116160K
  class space    used 9905K, capacity 10642K, committed 10672K, reserved 1048576K
GC Heap History (10 events):
Event: 4.759 GC heap before
{Heap before GC invocations=9 (full 2):
 PSYoungGen      total 234496K, used 218624K [0x00000000d5580000, 0x00000000e4c00000, 0x0000000100000000)
  eden space 218624K, 100% used [0x00000000d5580000,0x00000000e2b00000,0x00000000e2b00000)
  from space 15872K, 0% used [0x00000000e3a00000,0x00000000e3a00000,0x00000000e4980000)
  to   space 15360K, 0% used [0x00000000e2b00000,0x00000000e2b00000,0x00000000e3a00000)
 ParOldGen       total 138752K, used 14803K [0x0000000080000000, 0x0000000088780000, 0x00000000d5580000)
  object space 138752K, 10% used [0x0000000080000000,0x0000000080e74c90,0x0000000088780000)
 Metaspace       used 44368K, capacity 46206K, committed 46376K, reserved 1089536K
  class space    used 6018K, capacity 6416K, committed 6448K, reserved 1048576K
Event: 4.774 GC heap after
Heap after GC invocations=9 (full 2):
 PSYoungGen      total 233984K, used 15356K [0x00000000d5580000, 0x00000000ec000000, 0x0000000100000000)
  eden space 218624K, 0% used [0x00000000d5580000,0x00000000d5580000,0x00000000e2b00000)
  from space 15360K, 99% used [0x00000000e2b00000,0x00000000e39ff3c8,0x00000000e3a00000)
  to   space 18432K, 0% used [0x00000000eae00000,0x00000000eae00000,0x00000000ec000000)
 ParOldGen       total 138752K, used 17072K [0x0000000080000000, 0x0000000088780000, 0x00000000d5580000)
  object space 138752K, 12% used [0x0000000080000000,0x00000000810ac350,0x0000000088780000)
 Metaspace       used 44368K, capacity 46206K, committed 46376K, reserved 1089536K
  class space    used 6018K, capacity 6416K, committed 6448K, reserved 1048576K
}
Event: 6.250 GC heap before
{Heap before GC invocations=10 (full 2):
 PSYoungGen      total 233984K, used 197179K [0x00000000d5580000, 0x00000000ec000000, 0x0000000100000000)
  eden space 218624K, 83% used [0x00000000d5580000,0x00000000e070f8f8,0x00000000e2b00000)
  from space 15360K, 99% used [0x00000000e2b00000,0x00000000e39ff3c8,0x00000000e3a00000)
  to   space 18432K, 0% used [0x00000000eae00000,0x00000000eae00000,0x00000000ec000000)
 ParOldGen       total 138752K, used 17072K [0x0000000080000000, 0x0000000088780000, 0x00000000d5580000)
  object space 138752K, 12% used [0x0000000080000000,0x00000000810ac350,0x0000000088780000)
 Metaspace       used 56591K, capacity 58912K, committed 59160K, reserved 1099776K
  class space    used 7723K, capacity 8210K, committed 8240K, reserved 1048576K
Event: 6.278 GC heap after
Heap after GC invocations=10 (full 2):
 PSYoungGen      total 344576K, used 18420K [0x00000000d5580000, 0x00000000ecd80000, 0x0000000100000000)
  eden space 326144K, 0% used [0x00000000d5580000,0x00000000d5580000,0x00000000e9400000)
  from space 18432K, 99% used [0x00000000eae00000,0x00000000ebffd300,0x00000000ec000000)
  to   space 26624K, 0% used [0x00000000e9400000,0x00000000e9400000,0x00000000eae00000)
 ParOldGen       total 138752K, used 29958K [0x0000000080000000, 0x0000000088780000, 0x00000000d5580000)
  object space 138752K, 21% used [0x0000000080000000,0x0000000081d41810,0x0000000088780000)
 Metaspace       used 56591K, capacity 58912K, committed 59160K, reserved 1099776K
  class space    used 7723K, capacity 8210K, committed 8240K, reserved 1048576K
}
Event: 6.278 GC heap before
{Heap before GC invocations=11 (full 3):
 PSYoungGen      total 344576K, used 18420K [0x00000000d5580000, 0x00000000ecd80000, 0x0000000100000000)
  eden space 326144K, 0% used [0x00000000d5580000,0x00000000d5580000,0x00000000e9400000)
  from space 18432K, 99% used [0x00000000eae00000,0x00000000ebffd300,0x00000000ec000000)
  to   space 26624K, 0% used [0x00000000e9400000,0x00000000e9400000,0x00000000eae00000)
 ParOldGen       total 138752K, used 29958K [0x0000000080000000, 0x0000000088780000, 0x00000000d5580000)
  object space 138752K, 21% used [0x0000000080000000,0x0000000081d41810,0x0000000088780000)
 Metaspace       used 56591K, capacity 58912K, committed 59160K, reserved 1099776K
  class space    used 7723K, capacity 8210K, committed 8240K, reserved 1048576K
Event: 6.488 GC heap after
Heap after GC invocations=11 (full 3):
 PSYoungGen      total 344576K, used 0K [0x00000000d5580000, 0x00000000ecd80000, 0x0000000100000000)
  eden space 326144K, 0% used [0x00000000d5580000,0x00000000d5580000,0x00000000e9400000)
  from space 18432K, 0% used [0x00000000eae00000,0x00000000eae00000,0x00000000ec000000)
  to   space 26624K, 0% used [0x00000000e9400000,0x00000000e9400000,0x00000000eae00000)
 ParOldGen       total 219136K, used 43168K [0x0000000080000000, 0x000000008d600000, 0x00000000d5580000)
  object space 219136K, 19% used [0x0000000080000000,0x0000000082a28058,0x000000008d600000)
 Metaspace       used 56555K, capacity 58792K, committed 59160K, reserved 1099776K
  class space    used 7712K, capacity 8190K, committed 8240K, reserved 1048576K
}
Event: 17.403 GC heap before
{Heap before GC invocations=12 (full 3):
 PSYoungGen      total 344576K, used 326144K [0x00000000d5580000, 0x00000000ecd80000, 0x0000000100000000)
  eden space 326144K, 100% used [0x00000000d5580000,0x00000000e9400000,0x00000000e9400000)
  from space 18432K, 0% used [0x00000000eae00000,0x00000000eae00000,0x00000000ec000000)
  to   space 26624K, 0% used [0x00000000e9400000,0x00000000e9400000,0x00000000eae00000)
 ParOldGen       total 219136K, used 43168K [0x0000000080000000, 0x000000008d600000, 0x00000000d5580000)
  object space 219136K, 19% used [0x0000000080000000,0x0000000082a28058,0x000000008d600000)
 Metaspace       used 68503K, capacity 72200K, committed 72344K, reserved 1112064K
  class space    used 9404K, capacity 10104K, committed 10160K, reserved 1048576K
Event: 17.427 GC heap after
Heap after GC invocations=12 (full 3):
 PSYoungGen      total 352768K, used 26612K [0x00000000d5580000, 0x00000000f0d80000, 0x0000000100000000)
  eden space 326144K, 0% used [0x00000000d5580000,0x00000000d5580000,0x00000000e9400000)
  from space 26624K, 99% used [0x00000000e9400000,0x00000000eadfd138,0x00000000eae00000)
  to   space 31744K, 0% used [0x00000000eee80000,0x00000000eee80000,0x00000000f0d80000)
 ParOldGen       total 219136K, used 45736K [0x0000000080000000, 0x000000008d600000, 0x00000000d5580000)
  object space 219136K, 20% used [0x0000000080000000,0x0000000082caa020,0x000000008d600000)
 Metaspace       used 68503K, capacity 72200K, committed 72344K, reserved 1112064K
  class space    used 9404K, capacity 10104K, committed 10160K, reserved 1048576K
}
Event: 19.538 GC heap before
{Heap before GC invocations=13 (full 3):
 PSYoungGen      total 352768K, used 352756K [0x00000000d5580000, 0x00000000f0d80000, 0x0000000100000000)
  eden space 326144K, 100% used [0x00000000d5580000,0x00000000e9400000,0x00000000e9400000)
  from space 26624K, 99% used [0x00000000e9400000,0x00000000eadfd138,0x00000000eae00000)
  to   space 31744K, 0% used [0x00000000eee80000,0x00000000eee80000,0x00000000f0d80000)
 ParOldGen       total 219136K, used 45736K [0x0000000080000000, 0x000000008d600000, 0x00000000d5580000)
  object space 219136K, 20% used [0x0000000080000000,0x0000000082caa020,0x000000008d600000)
 Metaspace       used 70605K, capacity 74314K, committed 74520K, reserved 1114112K
  class space    used 9588K, capacity 10269K, committed 10288K, reserved 1048576K
Event: 19.570 GC heap after
Heap after GC invocations=13 (full 3):
 PSYoungGen      total 404992K, used 31739K [0x00000000d5580000, 0x00000000f2780000, 0x0000000100000000)
  eden space 373248K, 0% used [0x00000000d5580000,0x00000000d5580000,0x00000000ec200000)
  from space 31744K, 99% used [0x00000000eee80000,0x00000000f0d7ec98,0x00000000f0d80000)
  to   space 45568K, 0% used [0x00000000ec200000,0x00000000ec200000,0x00000000eee80000)
 ParOldGen       total 219136K, used 71066K [0x0000000080000000, 0x000000008d600000, 0x00000000d5580000)
  object space 219136K, 32% used [0x0000000080000000,0x0000000084566bf0,0x000000008d600000)
 Metaspace       used 70605K, capacity 74314K, committed 74520K, reserved 1114112K
  class space    used 9588K, capacity 10269K, committed 10288K, reserved 1048576K
}

