# JRE version: OpenJDK Runtime Environment (8.0_242-b01) (build 1.8.0_242-release-1644-b01)
# Java VM: OpenJDK 64-Bit Server VM (25.242-b01 mixed mode windows-amd64 compressed oops)
Heap:
 PSYoungGen      total 481280K, used 72582K [0x00000000d5580000, 0x00000000f5f80000, 0x0000000100000000)
  eden space 447488K, 12% used [0x00000000d5580000,0x00000000d8a0c9c0,0x00000000f0a80000)
  from space 33792K, 55% used [0x00000000f3e80000,0x00000000f50d4ee8,0x00000000f5f80000)
  to   space 43520K, 0% used [0x00000000f0a80000,0x00000000f0a80000,0x00000000f3500000)
 ParOldGen       total 215552K, used 107663K [0x0000000080000000, 0x000000008d280000, 0x00000000d5580000)
  object space 215552K, 49% used [0x0000000080000000,0x0000000086923ef0,0x000000008d280000)
 Metaspace       used 77650K, capacity 81576K, committed 81816K, reserved 1120256K
  class space    used 10324K, capacity 11078K, committed 11184K, reserved 1048576K
GC Heap History (10 events):
Event: 6.794 GC heap before
{Heap before GC invocations=11 (full 3):
 PSYoungGen      total 347648K, used 18420K [0x00000000d5580000, 0x00000000ece00000, 0x0000000100000000)
  eden space 329216K, 0% used [0x00000000d5580000,0x00000000d5580000,0x00000000e9700000)
  from space 18432K, 99% used [0x00000000eb100000,0x00000000ec2fd320,0x00000000ec300000)
  to   space 26624K, 0% used [0x00000000e9700000,0x00000000e9700000,0x00000000eb100000)
 ParOldGen       total 137216K, used 29927K [0x0000000080000000, 0x0000000088600000, 0x00000000d5580000)
  object space 137216K, 21% used [0x0000000080000000,0x0000000081d39d28,0x0000000088600000)
 Metaspace       used 56606K, capacity 58930K, committed 59160K, reserved 1099776K
  class space    used 7709K, capacity 8213K, committed 8240K, reserved 1048576K
Event: 7.016 GC heap after
Heap after GC invocations=11 (full 3):
 PSYoungGen      total 347648K, used 0K [0x00000000d5580000, 0x00000000ece00000, 0x0000000100000000)
  eden space 329216K, 0% used [0x00000000d5580000,0x00000000d5580000,0x00000000e9700000)
  from space 18432K, 0% used [0x00000000eb100000,0x00000000eb100000,0x00000000ec300000)
  to   space 26624K, 0% used [0x00000000e9700000,0x00000000e9700000,0x00000000eb100000)
 ParOldGen       total 215552K, used 43248K [0x0000000080000000, 0x000000008d280000, 0x00000000d5580000)
  object space 215552K, 20% used [0x0000000080000000,0x0000000082a3c280,0x000000008d280000)
 Metaspace       used 56565K, capacity 58792K, committed 59160K, reserved 1099776K
  class space    used 7697K, capacity 8190K, committed 8240K, reserved 1048576K
}
Event: 15.244 GC heap before
{Heap before GC invocations=12 (full 3):
 PSYoungGen      total 347648K, used 329216K [0x00000000d5580000, 0x00000000ece00000, 0x0000000100000000)
  eden space 329216K, 100% used [0x00000000d5580000,0x00000000e9700000,0x00000000e9700000)
  from space 18432K, 0% used [0x00000000eb100000,0x00000000eb100000,0x00000000ec300000)
  to   space 26624K, 0% used [0x00000000e9700000,0x00000000e9700000,0x00000000eb100000)
 ParOldGen       total 215552K, used 43248K [0x0000000080000000, 0x000000008d280000, 0x00000000d5580000)
  object space 215552K, 20% used [0x0000000080000000,0x0000000082a3c280,0x000000008d280000)
 Metaspace       used 68522K, capacity 72184K, committed 72344K, reserved 1112064K
  class space    used 9390K, capacity 10096K, committed 10160K, reserved 1048576K
Event: 15.270 GC heap after
Heap after GC invocations=12 (full 3):
 PSYoungGen      total 355840K, used 26607K [0x00000000d5580000, 0x00000000f1400000, 0x0000000100000000)
  eden space 329216K, 0% used [0x00000000d5580000,0x00000000d5580000,0x00000000e9700000)
  from space 26624K, 99% used [0x00000000e9700000,0x00000000eb0fbfd8,0x00000000eb100000)
  to   space 31744K, 0% used [0x00000000ef500000,0x00000000ef500000,0x00000000f1400000)
 ParOldGen       total 215552K, used 46310K [0x0000000080000000, 0x000000008d280000, 0x00000000d5580000)
  object space 215552K, 21% used [0x0000000080000000,0x0000000082d39940,0x000000008d280000)
 Metaspace       used 68522K, capacity 72184K, committed 72344K, reserved 1112064K
  class space    used 9390K, capacity 10096K, committed 10160K, reserved 1048576K
}
Event: 17.129 GC heap before
{Heap before GC invocations=13 (full 3):
 PSYoungGen      total 355840K, used 355823K [0x00000000d5580000, 0x00000000f1400000, 0x0000000100000000)
  eden space 329216K, 100% used [0x00000000d5580000,0x00000000e9700000,0x00000000e9700000)
  from space 26624K, 99% used [0x00000000e9700000,0x00000000eb0fbfd8,0x00000000eb100000)
  to   space 31744K, 0% used [0x00000000ef500000,0x00000000ef500000,0x00000000f1400000)
 ParOldGen       total 215552K, used 46310K [0x0000000080000000, 0x000000008d280000, 0x00000000d5580000)
  object space 215552K, 21% used [0x0000000080000000,0x0000000082d39940,0x000000008d280000)
 Metaspace       used 71911K, capacity 75778K, committed 76056K, reserved 1114112K
  class space    used 9715K, capacity 10453K, committed 10544K, reserved 1048576K
Event: 17.161 GC heap after
Heap after GC invocations=13 (full 3):
 PSYoungGen      total 409600K, used 31715K [0x00000000d5580000, 0x00000000f3280000, 0x0000000100000000)
  eden space 377856K, 0% used [0x00000000d5580000,0x00000000d5580000,0x00000000ec680000)
  from space 31744K, 99% used [0x00000000ef500000,0x00000000f13f8d70,0x00000000f1400000)
  to   space 47616K, 0% used [0x00000000ec680000,0x00000000ec680000,0x00000000ef500000)
 ParOldGen       total 215552K, used 76275K [0x0000000080000000, 0x000000008d280000, 0x00000000d5580000)
  object space 215552K, 35% used [0x0000000080000000,0x0000000084a7ccb8,0x000000008d280000)
 Metaspace       used 71911K, capacity 75778K, committed 76056K, reserved 1114112K
  class space    used 9715K, capacity 10453K, committed 10544K, reserved 1048576K
}
Event: 18.614 GC heap before
{Heap before GC invocations=14 (full 3):
 PSYoungGen      total 409600K, used 409571K [0x00000000d5580000, 0x00000000f3280000, 0x0000000100000000)
  eden space 377856K, 100% used [0x00000000d5580000,0x00000000ec680000,0x00000000ec680000)
  from space 31744K, 99% used [0x00000000ef500000,0x00000000f13f8d70,0x00000000f1400000)
  to   space 47616K, 0% used [0x00000000ec680000,0x00000000ec680000,0x00000000ef500000)
 ParOldGen       total 215552K, used 76275K [0x0000000080000000, 0x000000008d280000, 0x00000000d5580000)
  object space 215552K, 35% used [0x0000000080000000,0x0000000084a7ccb8,0x000000008d280000)
 Metaspace       used 76583K, capacity 80492K, committed 80664K, reserved 1118208K
  class space    used 10221K, capacity 10984K, committed 11056K, reserved 1048576K
Event: 18.647 GC heap after
Heap after GC invocations=14 (full 3):
 PSYoungGen      total 425472K, used 12024K [0x00000000d5580000, 0x00000000f6b80000, 0x0000000100000000)
  eden space 377856K, 0% used [0x00000000d5580000,0x00000000d5580000,0x00000000ec680000)
  from space 47616K, 25% used [0x00000000ec680000,0x00000000ed23e1c8,0x00000000ef500000)
  to   space 46080K, 0% used [0x00000000f3e80000,0x00000000f3e80000,0x00000000f6b80000)
 ParOldGen       total 215552K, used 107655K [0x0000000080000000, 0x000000008d280000, 0x00000000d5580000)
  object space 215552K, 49% used [0x0000000080000000,0x0000000086921ef0,0x000000008d280000)
 Metaspace       used 76583K, capacity 80492K, committed 80664K, reserved 1118208K
  class space    used 10221K, capacity 10984K, committed 11056K, reserved 1048576K
}
Event: 21.546 GC heap before
{Heap before GC invocations=15 (full 3):
 PSYoungGen      total 425472K, used 389880K [0x00000000d5580000, 0x00000000f6b80000, 0x0000000100000000)
  eden space 377856K, 100% used [0x00000000d5580000,0x00000000ec680000,0x00000000ec680000)
  from space 47616K, 25% used [0x00000000ec680000,0x00000000ed23e1c8,0x00000000ef500000)
  to   space 46080K, 0% used [0x00000000f3e80000,0x00000000f3e80000,0x00000000f6b80000)
 ParOldGen       total 215552K, used 107655K [0x0000000080000000, 0x000000008d280000, 0x00000000d5580000)
  object space 215552K, 49% used [0x0000000080000000,0x0000000086921ef0,0x000000008d280000)
 Metaspace       used 77610K, capacity 81572K, committed 81816K, reserved 1120256K
  class space    used 10322K, capacity 11078K, committed 11184K, reserved 1048576K
Event: 21.570 GC heap after
Heap after GC invocations=15 (full 3):
 PSYoungGen      total 481280K, used 18771K [0x00000000d5580000, 0x00000000f5f80000, 0x0000000100000000)
  eden space 447488K, 0% used [0x00000000d5580000,0x00000000d5580000,0x00000000f0a80000)
  from space 33792K, 55% used [0x00000000f3e80000,0x00000000f50d4ee8,0x00000000f5f80000)
  to   space 43520K, 0% used [0x00000000f0a80000,0x00000000f0a80000,0x00000000f3500000)
 ParOldGen       total 215552K, used 107663K [0x0000000080000000, 0x000000008d280000, 0x00000000d5580000)
  object space 215552K, 49% used [0x0000000080000000,0x0000000086923ef0,0x000000008d280000)
 Metaspace       used 77610K, capacity 81572K, committed 81816K, reserved 1120256K
  class space    used 10322K, capacity 11078K, committed 11184K, reserved 1048576K
}

